{
  "RSpec": {
    "coverage": {
      "/Users/timothyallen/turing/2module/random/user_games/spec/models/user_spec.rb": [
        1,
        null,
        1,
        1,
        2,
        2,
        2,
        null,
        2,
        2,
        2,
        null,
        null
      ],
      "/Users/timothyallen/turing/2module/random/user_games/app/models/user.rb": [
        1,
        1,
        1,
        1,
        null,
        1,
        1,
        1,
        null,
        1,
        1,
        null,
        null
      ],
      "/Users/timothyallen/turing/2module/random/user_games/app/models/application_record.rb": [
        1,
        1,
        null
      ],
      "/Users/timothyallen/turing/2module/random/user_games/app/controllers/users_controller.rb": [
        1,
        1,
        3,
        null,
        null,
        1,
        1,
        1,
        1,
        null,
        0,
        null,
        null,
        null,
        1,
        1,
        null,
        null,
        1,
        1,
        null,
        null,
        1,
        null,
        1,
        1,
        null,
        null
      ],
      "/Users/timothyallen/turing/2module/random/user_games/app/controllers/application_controller.rb": [
        1,
        1,
        null
      ],
      "/Users/timothyallen/turing/2module/random/user_games/app/controllers/sessions_controller.rb": [
        1,
        1,
        5,
        null,
        null,
        1,
        1,
        1,
        null,
        null,
        1,
        1,
        1,
        null,
        null
      ],
      "/Users/timothyallen/turing/2module/random/user_games/app/controllers/welcome_controller.rb": [
        1,
        1,
        null,
        null
      ],
      "/Users/timothyallen/turing/2module/random/user_games/app/controllers/secret_controller.rb": [
        1,
        1,
        null,
        null
      ]
    },
    "timestamp": 1549556612
  }
}
